{
"contracts\\Lock.sol":{"l":{"11":2,"16":1,"17":1,"21":5,"22":4,"24":3,"26":3},"path":"C:\\Users\\MAYURESH\\Desktop\\EzyVoteM\\contracts\\Lock.sol","s":{"1":2,"2":5,"3":4,"4":3,"5":3},"b":{"1":[1,1],"2":[4,1],"3":[3,1]},"f":{"1":2,"2":5},"fnMap":{"1":{"name":"constructor","line":10,"loc":{"start":{"line":10,"column":4},"end":{"line":18,"column":4}}},"2":{"name":"withdraw","line":20,"loc":{"start":{"line":20,"column":4},"end":{"line":27,"column":4}}}},"statementMap":{"1":{"start":{"line":11,"column":8},"end":{"line":11,"column":252}},"2":{"start":{"line":21,"column":8},"end":{"line":21,"column":71}},"3":{"start":{"line":22,"column":8},"end":{"line":22,"column":59}},"4":{"start":{"line":24,"column":8},"end":{"line":24,"column":63}},"5":{"start":{"line":26,"column":8},"end":{"line":26,"column":44}}},"branchMap":{"1":{"line":11,"type":"if","locations":[{"start":{"line":11,"column":8},"end":{"line":11,"column":8}},{"start":{"line":11,"column":8},"end":{"line":11,"column":8}}]},"2":{"line":21,"type":"if","locations":[{"start":{"line":21,"column":8},"end":{"line":21,"column":8}},{"start":{"line":21,"column":8},"end":{"line":21,"column":8}}]},"3":{"line":22,"type":"if","locations":[{"start":{"line":22,"column":8},"end":{"line":22,"column":8}},{"start":{"line":22,"column":8},"end":{"line":22,"column":8}}]}}},
"contracts\\Voting.sol":{"l":{"30":0,"34":0,"35":0,"43":0,"44":0,"46":0,"47":0,"48":0,"49":0,"51":0,"52":0,"57":0,"58":0,"62":0,"64":0,"65":0,"66":0,"67":0,"72":0,"73":0,"75":0,"90":0,"91":0,"100":0,"104":0},"path":"C:\\Users\\MAYURESH\\Desktop\\EzyVoteM\\contracts\\Voting.sol","s":{"1":0,"2":0,"3":0,"4":0,"5":0,"6":0,"7":0,"8":0,"9":0,"10":0,"11":0,"12":0,"13":0,"14":0,"15":0,"16":0},"b":{"1":[0,0],"2":[0,0],"3":[0,0],"4":[0,0],"5":[0,0],"6":[0,0],"7":[0,0],"8":[0,0]},"f":{"1":0,"2":0,"3":0,"4":0,"5":0,"6":0},"fnMap":{"1":{"name":"constructor","line":29,"loc":{"start":{"line":29,"column":4},"end":{"line":31,"column":4}}},"2":{"name":"onlyOwner","line":33,"loc":{"start":{"line":33,"column":4},"end":{"line":36,"column":4}}},"3":{"name":"createEvent","line":42,"loc":{"start":{"line":38,"column":4},"end":{"line":59,"column":4}}},"4":{"name":"vote","line":61,"loc":{"start":{"line":61,"column":4},"end":{"line":76,"column":4}}},"5":{"name":"getEvent","line":78,"loc":{"start":{"line":78,"column":4},"end":{"line":97,"column":4}}},"6":{"name":"endEvent","line":99,"loc":{"start":{"line":99,"column":4},"end":{"line":105,"column":4}}}},"statementMap":{"1":{"start":{"line":34,"column":8},"end":{"line":34,"column":72}},"2":{"start":{"line":44,"column":8},"end":{"line":44,"column":36}},"3":{"start":{"line":46,"column":8},"end":{"line":46,"column":48}},"4":{"start":{"line":51,"column":8},"end":{"line":51,"column":1267}},"5":{"start":{"line":52,"column":12},"end":{"line":52,"column":1338}},"6":{"start":{"line":57,"column":8},"end":{"line":57,"column":42}},"7":{"start":{"line":58,"column":8},"end":{"line":58,"column":22}},"8":{"start":{"line":62,"column":8},"end":{"line":62,"column":52}},"9":{"start":{"line":64,"column":8},"end":{"line":64,"column":75}},"10":{"start":{"line":65,"column":8},"end":{"line":65,"column":73}},"11":{"start":{"line":66,"column":8},"end":{"line":66,"column":78}},"12":{"start":{"line":67,"column":8},"end":{"line":67,"column":1899}},"13":{"start":{"line":75,"column":8},"end":{"line":75,"column":60}},"14":{"start":{"line":90,"column":8},"end":{"line":90,"column":52}},"15":{"start":{"line":91,"column":8},"end":{"line":91,"column":2501}},"16":{"start":{"line":100,"column":8},"end":{"line":100,"column":2727}}},"branchMap":{"1":{"line":34,"type":"if","locations":[{"start":{"line":34,"column":8},"end":{"line":34,"column":8}},{"start":{"line":34,"column":8},"end":{"line":34,"column":8}}]},"2":{"line":42,"type":"if","locations":[{"start":{"line":42,"column":15},"end":{"line":42,"column":15}},{"start":{"line":42,"column":15},"end":{"line":42,"column":15}}]},"3":{"line":64,"type":"if","locations":[{"start":{"line":64,"column":8},"end":{"line":64,"column":8}},{"start":{"line":64,"column":8},"end":{"line":64,"column":8}}]},"4":{"line":65,"type":"if","locations":[{"start":{"line":65,"column":8},"end":{"line":65,"column":8}},{"start":{"line":65,"column":8},"end":{"line":65,"column":8}}]},"5":{"line":66,"type":"if","locations":[{"start":{"line":66,"column":8},"end":{"line":66,"column":8}},{"start":{"line":66,"column":8},"end":{"line":66,"column":8}}]},"6":{"line":67,"type":"if","locations":[{"start":{"line":67,"column":8},"end":{"line":67,"column":8}},{"start":{"line":67,"column":8},"end":{"line":67,"column":8}}]},"7":{"line":99,"type":"if","locations":[{"start":{"line":99,"column":49},"end":{"line":99,"column":49}},{"start":{"line":99,"column":49},"end":{"line":99,"column":49}}]},"8":{"line":100,"type":"if","locations":[{"start":{"line":100,"column":8},"end":{"line":100,"column":8}},{"start":{"line":100,"column":8},"end":{"line":100,"column":8}}]}}}}
