TN:
SF:C:\Users\MAYURESH\Desktop\EzyVoteM\contracts\Lock.sol
FN:10,constructor
FN:20,withdraw
FNF:2
FNH:2
FNDA:2,constructor
FNDA:5,withdraw
DA:11,2
DA:16,1
DA:17,1
DA:21,5
DA:22,4
DA:24,3
DA:26,3
LF:7
LH:7
BRDA:11,1,0,1
BRDA:11,1,1,1
BRDA:21,2,0,4
BRDA:21,2,1,1
BRDA:22,3,0,3
BRDA:22,3,1,1
BRF:6
BRH:6
end_of_record
TN:
SF:C:\Users\MAYURESH\Desktop\EzyVoteM\contracts\Voting.sol
FN:29,constructor
FN:33,onlyOwner
FN:42,createEvent
FN:61,vote
FN:78,getEvent
FN:99,endEvent
FNF:6
FNH:0
FNDA:0,constructor
FNDA:0,onlyOwner
FNDA:0,createEvent
FNDA:0,vote
FNDA:0,getEvent
FNDA:0,endEvent
DA:30,0
DA:34,0
DA:35,0
DA:43,0
DA:44,0
DA:46,0
DA:47,0
DA:48,0
DA:49,0
DA:51,0
DA:52,0
DA:57,0
DA:58,0
DA:62,0
DA:64,0
DA:65,0
DA:66,0
DA:67,0
DA:72,0
DA:73,0
DA:75,0
DA:90,0
DA:91,0
DA:100,0
DA:104,0
LF:25
LH:0
BRDA:34,1,0,0
BRDA:34,1,1,0
BRDA:42,2,0,0
BRDA:42,2,1,0
BRDA:64,3,0,0
BRDA:64,3,1,0
BRDA:65,4,0,0
BRDA:65,4,1,0
BRDA:66,5,0,0
BRDA:66,5,1,0
BRDA:67,6,0,0
BRDA:67,6,1,0
BRDA:99,7,0,0
BRDA:99,7,1,0
BRDA:100,8,0,0
BRDA:100,8,1,0
BRF:16
BRH:0
end_of_record
